Build started 12/2/2014 7:54:14 PM.
     1>Project "C:\Users\Akshay\Documents\GitHub\CC-Graphics\Project1.vcxproj" on node 2 (Build target(s)).
     1>ClCompile:
         C:\Program Files (x86)\Microsoft Visual Studio 12.0\VC\bin\CL.exe /c /ZI /nologo /W3 /WX- /sdl /Od /Oy- /D _MBCS /D _MBCS /D _CRT_SECURE_NO_WARNINGS /Gm /EHsc /RTC1 /MDd /GS /fp:precise /Zc:wchar_t /Zc:forScope /Fo"Debug\\" /Fd"Debug\vc120.pdb" /Gd /TP /analyze- /errorReport:prompt main.cpp
         main.cpp
     1>c:\users\akshay\documents\github\cc-graphics\main.cpp(31): warning C4244: 'initializing' : conversion from 'int' to 'float', possible loss of data
     1>c:\users\akshay\documents\github\cc-graphics\main.cpp(36): warning C4244: 'argument' : conversion from 'float' to 'int', possible loss of data
     1>c:\users\akshay\documents\github\cc-graphics\main.cpp(41): warning C4244: 'argument' : conversion from 'float' to 'int', possible loss of data
     1>c:\users\akshay\documents\github\cc-graphics\main.cpp(30): warning C4101: 'k' : unreferenced local variable
     1>c:\users\akshay\documents\github\cc-graphics\main.cpp(62): warning C4244: 'initializing' : conversion from 'int' to 'float', possible loss of data
     1>c:\users\akshay\documents\github\cc-graphics\main.cpp(64): warning C4244: 'argument' : conversion from 'float' to 'int', possible loss of data
     1>c:\users\akshay\documents\github\cc-graphics\main.cpp(126): warning C4244: 'initializing' : conversion from 'int' to 'float', possible loss of data
     1>c:\users\akshay\documents\github\cc-graphics\main.cpp(128): warning C4244: 'argument' : conversion from 'float' to 'int', possible loss of data
     1>c:\users\akshay\documents\github\cc-graphics\main.cpp(207): warning C4244: 'argument' : conversion from 'float' to 'int', possible loss of data
     1>c:\users\akshay\documents\github\cc-graphics\main.cpp(275): warning C4244: 'argument' : conversion from 'int' to 'float', possible loss of data
     1>c:\users\akshay\documents\github\cc-graphics\main.cpp(276): warning C4244: '+=' : conversion from 'float' to 'int', possible loss of data
     1>c:\users\akshay\documents\github\cc-graphics\main.cpp(277): warning C4244: '+=' : conversion from 'float' to 'int', possible loss of data
     1>c:\users\akshay\documents\github\cc-graphics\main.cpp(278): warning C4244: '+=' : conversion from 'float' to 'int', possible loss of data
     1>c:\users\akshay\documents\github\cc-graphics\main.cpp(297): warning C4244: '=' : conversion from 'time_t' to 'long', possible loss of data
     1>c:\users\akshay\documents\github\cc-graphics\main.cpp(378): warning C4800: 'int' : forcing value to bool 'true' or 'false' (performance warning)
     1>c:\users\akshay\documents\github\cc-graphics\main.cpp(500): warning C4018: '<' : signed/unsigned mismatch
     1>c:\users\akshay\documents\github\cc-graphics\main.cpp(203): warning C4244: 'argument' : conversion from 'double' to 'int', possible loss of data
                 c:\users\akshay\documents\github\cc-graphics\main.cpp(202) : while compiling class template member function 'Vector3<int> Vector3<int>::operator *(Mat44<double> &)'
                 c:\users\akshay\documents\github\cc-graphics\main.cpp(212) : see reference to function template instantiation 'Vector3<int> Vector3<int>::operator *(Mat44<double> &)' being compiled
                 c:\users\akshay\documents\github\cc-graphics\main.cpp(210) : see reference to class template instantiation 'Vector3<int>' being compiled
       Link:
         C:\Program Files (x86)\Microsoft Visual Studio 12.0\VC\bin\link.exe /ERRORREPORT:PROMPT /OUT:"C:\Users\Akshay\Documents\GitHub\CC-Graphics\Debug\Project1.exe" /INCREMENTAL /NOLOGO kernel32.lib user32.lib gdi32.lib winspool.lib comdlg32.lib advapi32.lib shell32.lib ole32.lib oleaut32.lib uuid.lib odbc32.lib odbccp32.lib /MANIFEST /MANIFESTUAC:"level='asInvoker' uiAccess='false'" /manifest:embed /DEBUG /PDB:"C:\Users\Akshay\Documents\GitHub\CC-Graphics\Debug\Project1.pdb" /TLBID:1 /DYNAMICBASE /NXCOMPAT /IMPLIB:"C:\Users\Akshay\Documents\GitHub\CC-Graphics\Debug\Project1.lib" /MACHINE:X86 Debug\main.obj
         Project1.vcxproj -> C:\Users\Akshay\Documents\GitHub\CC-Graphics\Debug\Project1.exe
     1>Done Building Project "C:\Users\Akshay\Documents\GitHub\CC-Graphics\Project1.vcxproj" (Build target(s)).

Build succeeded.

Time Elapsed 00:00:01.70
